#
# A fatal error has been detected by the Java Runtime Environment:
#
#  EXCEPTION_ACCESS_VIOLATION (0xc0000005) at pc=0x60d3ac3d, pid=836, tid=1084
#
# JRE version: Java(TM) SE Runtime Environment (8.0_74-b02) (build 1.8.0_74-b02)
# Java VM: Java HotSpot(TM) Client VM (25.74-b02 mixed mode windows-x86 )
# Problematic frame:
# V  [jvm.dll+0xcac3d]
#
# Failed to write core dump. Minidumps are not enabled by default on client versions of Windows
#
# If you would like to submit a bug report, please visit:
#   http://bugreport.java.com/bugreport/crash.jsp
#

---------------  T H R E A D  ---------------

Current thread (0x14a35800):  JavaThread "JDWP Transport Listener: dt_socket" daemon [_thread_in_vm, id=1084, stack(0x14e90000,0x14ee0000)]

siginfo: ExceptionCode=0xc0000005, reading address 0x00000049

Registers:
EAX=0x00000049, EBX=0x00000000, ECX=0x00000049, EDX=0x00000000
ESP=0x14edf5a8, EBP=0x14edf5ac, ESI=0x14a35800, EDI=0x00678188
EIP=0x60d3ac3d, EFLAGS=0x00010202

Top of Stack: (sp=0x14edf5a8)
0x14edf5a8:   14a35800 14edf5d4 60e97d34 00000049
0x14edf5b8:   14edf68c 14edf60f 14a35800 00000000
0x14edf5c8:   00000000 00000000 14a35800 14edf610
0x14edf5d8:   62079f80 00678188 00000049 14edf60f
0x14edf5e8:   00000049 6206436d 00000049 14edf60f
0x14edf5f8:   00000006 00000000 00000000 0000000a
0x14edf608:   00000000 00a01df8 14edf630 620644e0
0x14edf618:   00000001 14edf64c 14edf688 14badfb8 

Instructions: (pc=0x60d3ac3d)
0x60d3ac1d:   5d c3 52 e8 5b f9 ff ff 5d c3 cc cc cc cc cc cc
0x60d3ac2d:   cc cc cc 55 8b ec 8b 45 08 85 c0 75 02 5d c3 56
0x60d3ac3d:   8b 30 85 f6 74 17 83 fe 37 74 12 8b 06 8b 50 08
0x60d3ac4d:   8b ce ff d2 84 c0 74 05 8b c6 5e 5d c3 33 c0 5e 


Register to memory mapping:

EAX=0x00000049 is an unknown value
EBX=0x00000000 is an unknown value
ECX=0x00000049 is an unknown value
EDX=0x00000000 is an unknown value
ESP=0x14edf5a8 is pointing into the stack for thread: 0x14a35800
EBP=0x14edf5ac is pointing into the stack for thread: 0x14a35800
ESI=0x14a35800 is a thread
EDI=0x00678188 is an unknown value


Stack: [0x14e90000,0x14ee0000],  sp=0x14edf5a8,  free space=317k
Native frames: (J=compiled Java code, j=interpreted, Vv=VM code, C=native code)
V  [jvm.dll+0xcac3d]
V  [jvm.dll+0x227d34]
C  [jdwp.dll+0x19f80]
C  [jdwp.dll+0x44e0]
C  [jdwp.dll+0x451e]
C  0x29494949


---------------  P R O C E S S  ---------------

Java Threads: ( => current thread )
  0x14a54c00 JavaThread "Service Thread" daemon [_thread_blocked, id=5992, stack(0x150d0000,0x15120000)]
  0x14a47c00 JavaThread "C1 CompilerThread0" daemon [_thread_blocked, id=2980, stack(0x15040000,0x15090000)]
  0x14a41800 JavaThread "JDWP Command Reader" daemon [_thread_in_native, id=5864, stack(0x14fb0000,0x15000000)]
  0x14a3e400 JavaThread "JDWP Event Helper Thread" daemon [_thread_blocked, id=1932, stack(0x14f20000,0x14f70000)]
=>0x14a35800 JavaThread "JDWP Transport Listener: dt_socket" daemon [_thread_in_vm, id=1084, stack(0x14e90000,0x14ee0000)]
  0x14a39800 JavaThread "Attach Listener" daemon [_thread_blocked, id=5156, stack(0x04980000,0x049d0000)]
  0x14a37800 JavaThread "Signal Dispatcher" daemon [_thread_blocked, id=5444, stack(0x048f0000,0x04940000)]
  0x14a19800 JavaThread "Finalizer" daemon [_thread_blocked, id=3152, stack(0x04860000,0x048b0000)]
  0x14a04800 JavaThread "Reference Handler" daemon [_thread_blocked, id=2948, stack(0x01380000,0x013d0000)]
  0x0067cc00 JavaThread "main" [_thread_blocked, id=4532, stack(0x00b90000,0x00be0000)]

Other Threads:
  0x00cdd800 VMThread [stack: 0x012f0000,0x01340000] [id=4024]
  0x14a5f000 WatcherThread [stack: 0x15160000,0x151b0000] [id=1580]

VM state:not at safepoint (normal execution)

VM Mutex/Monitor currently owned by a thread: None

Heap:
 def new generation   total 4928K, used 2326K [0x04a00000, 0x04f50000, 0x09f50000)
  eden space 4416K,  52% used [0x04a00000, 0x04c45a08, 0x04e50000)
  from space 512K,   0% used [0x04e50000, 0x04e50000, 0x04ed0000)
  to   space 512K,   0% used [0x04ed0000, 0x04ed0000, 0x04f50000)
 tenured generation   total 10944K, used 0K [0x09f50000, 0x0aa00000, 0x14a00000)
   the space 10944K,   0% used [0x09f50000, 0x09f50000, 0x09f50200, 0x0aa00000)
 Metaspace       used 2998K, capacity 3151K, committed 3264K, reserved 4480K

Card table byte_map: [0x00d60000,0x00df0000] byte_map_base: 0x00d3b000

Polling page: 0x00680000

CodeCache: size=32768Kb used=784Kb max_used=784Kb free=31983Kb
 bounds [0x02820000, 0x028e8000, 0x04820000]
 total_blobs=243 nmethods=107 adapters=75
 compilation: enabled

Compilation events (10 events):
Event: 1.223 Thread 0x14a47c00  102             java.util.Arrays::equals (78 bytes)
Event: 1.224 Thread 0x14a47c00 nmethod 102 0x028e2f08 code [0x028e3020, 0x028e31ac]
Event: 1.225 Thread 0x14a47c00  103             java.lang.StringBuilder::append (8 bytes)
Event: 1.225 Thread 0x14a47c00 nmethod 103 0x028e32c8 code [0x028e33c0, 0x028e345c]
Event: 1.225 Thread 0x14a47c00  104             jdk.internal.org.objectweb.asm.ByteVector::putByte (39 bytes)
Event: 1.226 Thread 0x14a47c00 nmethod 104 0x028e34c8 code [0x028e35d0, 0x028e36cc]
Event: 1.227 Thread 0x14a47c00  105             jdk.internal.org.objectweb.asm.ClassWriter::newUTF8 (70 bytes)
Event: 1.228 Thread 0x14a47c00 nmethod 105 0x028e3bc8 code [0x028e3d10, 0x028e3ee8]
Event: 1.228 Thread 0x14a47c00  106             java.lang.ref.Reference::get (5 bytes)
Event: 1.228 Thread 0x14a47c00 nmethod 106 0x028e40c8 code [0x028e41c0, 0x028e4240]

GC Heap History (0 events):
No events

Deoptimization events (0 events):
No events

Internal exceptions (8 events):
Event: 0.039 Thread 0x0067cc00 Exception <a 'java/lang/NoSuchMethodError': Method sun.misc.Unsafe.defineClass(Ljava/lang/String;[BII)Ljava/lang/Class; name or signature does not match> (0x04a06ea8) thrown at [C:\re\workspace\8-2-build-windows-i586-cygwin\jdk8u74\6087\hotspot\src\share\voeË¤?
Event: 0.039 Thread 0x0067cc00 Exception <a 'java/lang/NoSuchMethodError': Method sun.misc.Unsafe.prefetchRead(Ljava/lang/Object;J)V name or signature does not match> (0x04a07178) thrown at [C:\re\workspace\8-2-build-windows-i586-cygwin\jdk8u74\6087\hotspot\src\share\vm\prims\jni.cpp, l¹‹
Event: 0.193 Thread 0x0067cc00 Exception <a 'java/security/PrivilegedActionException'> (0x04ae2e80) thrown at [C:\re\workspace\8-2-build-windows-i586-cygwin\jdk8u74\6087\hotspot\src\share\vm\prims\jvm.cpp, line 1386]
Event: 0.193 Thread 0x0067cc00 Exception <a 'java/security/PrivilegedActionException'> (0x04ae3260) thrown at [C:\re\workspace\8-2-build-windows-i586-cygwin\jdk8u74\6087\hotspot\src\share\vm\prims\jvm.cpp, line 1386]
Event: 0.194 Thread 0x0067cc00 Exception <a 'java/security/PrivilegedActionException'> (0x04ae74c8) thrown at [C:\re\workspace\8-2-build-windows-i586-cygwin\jdk8u74\6087\hotspot\src\share\vm\prims\jvm.cpp, line 1386]
Event: 0.194 Thread 0x0067cc00 Exception <a 'java/security/PrivilegedActionException'> (0x04ae78a8) thrown at [C:\re\workspace\8-2-build-windows-i586-cygwin\jdk8u74\6087\hotspot\src\share\vm\prims\jvm.cpp, line 1386]
Event: 1.217 Thread 0x0067cc00 Exception <a 'java/lang/NoSuchFieldError': method resolution failed> (0x04bc2df8) thrown at [C:\re\workspace\8-2-build-windows-i586-cygwin\jdk8u74\6087\hotspot\src\share\vm\prims\methodHandles.cpp, line 1146]
Event: 1.218 Thread 0x0067cc00 Exception <a 'java/lang/NoSuchFieldError': method resolution failed> (0x04bcefb8) thrown at [C:\re\workspace\8-2-build-windows-i586-cygwin\jdk8u74\6087\hotspot\src\share\vm\prims\methodHandles.cpp, line 1146]

Events (10 events):
Event: 395.897 Executing VM operation: ChangeBreakpoints
Event: 395.897 Executing VM operation: ChangeBreakpoints done
Event: 416.278 Executing VM operation: ChangeBreakpoints
Event: 416.278 Executing VM operation: ChangeBreakpoints done
Event: 426.251 Executing VM operation: ChangeBreakpoints
Event: 426.251 Executing VM operation: ChangeBreakpoints done
Event: 444.165 Executing VM operation: ChangeBreakpoints
Event: 444.165 Executing VM operation: ChangeBreakpoints done
Event: 505.526 Executing VM operation: RedefineClasses
Event: 505.527 Executing VM operation: RedefineClasses done


Dynamic libraries:
0x013e0000 - 0x01413000 	C:\Program Files (x86)\Java\jdk1.8.0_74\bin\java.exe
0x77d80000 - 0x77eee000 	C:\Windows\SYSTEM32\ntdll.dll
0x76200000 - 0x76340000 	C:\Windows\SYSTEM32\KERNEL32.DLL
0x75ca0000 - 0x75d77000 	C:\Windows\SYSTEM32\KERNELBASE.dll
0x6d2a0000 - 0x6d340000 	C:\Windows\system32\apphelp.dll
0x6b9b0000 - 0x6bc16000 	C:\Windows\AppPatch\AcGenral.DLL
0x77900000 - 0x779c3000 	C:\Windows\SYSTEM32\msvcrt.dll
0x760e0000 - 0x76121000 	C:\Windows\SYSTEM32\sechost.dll
0x75570000 - 0x7558e000 	C:\Windows\SYSTEM32\SspiCli.dll
0x778b0000 - 0x778f5000 	C:\Windows\SYSTEM32\SHLWAPI.dll
0x71330000 - 0x7141d000 	C:\Windows\SYSTEM32\UxTheme.dll
0x75aa0000 - 0x75bf3000 	C:\Windows\SYSTEM32\USER32.dll
0x77ba0000 - 0x77cae000 	C:\Windows\SYSTEM32\GDI32.dll
0x752d0000 - 0x752f3000 	C:\Windows\SYSTEM32\WINMM.dll
0x70810000 - 0x70823000 	C:\Windows\SYSTEM32\samcli.dll
0x75fa0000 - 0x760c9000 	C:\Windows\SYSTEM32\ole32.dll
0x75c00000 - 0x75c95000 	C:\Windows\SYSTEM32\OLEAUT32.dll
0x6c530000 - 0x6c547000 	C:\Windows\SYSTEM32\MSACM32.dll
0x754f0000 - 0x754f8000 	C:\Windows\SYSTEM32\VERSION.dll
0x765e0000 - 0x7789c000 	C:\Windows\SYSTEM32\SHELL32.dll
0x712b0000 - 0x712cb000 	C:\Windows\SYSTEM32\USERENV.dll
0x707f0000 - 0x7080a000 	C:\Windows\SYSTEM32\dwmapi.dll
0x70180000 - 0x702cb000 	C:\Windows\SYSTEM32\urlmon.dll
0x76180000 - 0x761fc000 	C:\Windows\SYSTEM32\ADVAPI32.dll
0x753e0000 - 0x75445000 	C:\Windows\SYSTEM32\WINSPOOL.DRV
0x6d110000 - 0x6d126000 	C:\Windows\SYSTEM32\MPR.dll
0x76520000 - 0x765da000 	C:\Windows\SYSTEM32\RPCRT4.dll
0x75560000 - 0x7556a000 	C:\Windows\SYSTEM32\CRYPTBASE.dll
0x75d90000 - 0x75f0d000 	C:\Windows\SYSTEM32\combase.dll
0x75260000 - 0x75283000 	C:\Windows\SYSTEM32\WINMMBASE.dll
0x75450000 - 0x7545f000 	C:\Windows\SYSTEM32\profapi.dll
0x6fd30000 - 0x6ff62000 	C:\Windows\SYSTEM32\iertutil.dll
0x6fb30000 - 0x6fd23000 	C:\Windows\SYSTEM32\WININET.dll
0x75500000 - 0x75554000 	C:\Windows\SYSTEM32\bcryptPrimitives.dll
0x76340000 - 0x7637c000 	C:\Windows\SYSTEM32\cfgmgr32.dll
0x75230000 - 0x75251000 	C:\Windows\SYSTEM32\DEVOBJ.dll
0x75460000 - 0x754eb000 	C:\Windows\SYSTEM32\SHCORE.DLL
0x76380000 - 0x763a7000 	C:\Windows\system32\IMM32.DLL
0x77a80000 - 0x77b92000 	C:\Windows\SYSTEM32\MSCTF.dll
0x6d9b0000 - 0x6dbb6000 	C:\Windows\WinSxS\x86_microsoft.windows.common-controls_6595b64144ccf1df_6.0.9600.18006_none_a9ec6aab013aafee\COMCTL32.dll
0x6d980000 - 0x6d9ac000 	C:\Program Files (x86)\AVG\Av\avghookx.dll
0x619e0000 - 0x61a9f000 	C:\Program Files (x86)\Java\jdk1.8.0_74\jre\bin\msvcr100.dll
0x60c70000 - 0x61038000 	C:\Program Files (x86)\Java\jdk1.8.0_74\jre\bin\client\jvm.dll
0x740e0000 - 0x740e8000 	C:\Windows\SYSTEM32\WSOCK32.dll
0x75d80000 - 0x75d86000 	C:\Windows\SYSTEM32\PSAPI.DLL
0x757d0000 - 0x75820000 	C:\Windows\SYSTEM32\WS2_32.dll
0x76130000 - 0x76137000 	C:\Windows\SYSTEM32\NSI.dll
0x62cb0000 - 0x62cbc000 	C:\Program Files (x86)\Java\jdk1.8.0_74\jre\bin\verify.dll
0x62090000 - 0x620b1000 	C:\Program Files (x86)\Java\jdk1.8.0_74\jre\bin\java.dll
0x62060000 - 0x62089000 	C:\Program Files (x86)\Java\jdk1.8.0_74\jre\bin\jdwp.dll
0x62040000 - 0x62047000 	C:\Program Files (x86)\Java\jdk1.8.0_74\jre\bin\npt.dll
0x61fb0000 - 0x61fc3000 	C:\Program Files (x86)\Java\jdk1.8.0_74\jre\bin\zip.dll
0x62050000 - 0x62058000 	C:\Program Files (x86)\Java\jdk1.8.0_74\jre\bin\dt_socket.dll
0x700a0000 - 0x700eb000 	C:\Windows\system32\mswsock.dll
0x70510000 - 0x70651000 	C:\Windows\SYSTEM32\dbghelp.dll

VM Arguments:
jvm_args: -agentlib:jdwp=transport=dt_socket,address=127.0.0.1:51874,suspend=y,server=n -Dfile.encoding=UTF-8 
java_command: Problem03.LegoBlocks.Main
java_class_path (initial): C:\Program Files (x86)\Java\jdk1.8.0_74\jre\lib\charsets.jar;C:\Program Files (x86)\Java\jdk1.8.0_74\jre\lib\deploy.jar;C:\Program Files (x86)\Java\jdk1.8.0_74\jre\lib\ext\access-bridge-32.jar;C:\Program Files (x86)\Java\jdk1.8.0_74\jre\lib\ext\cldrdata.jar;C:\Program Files (x86)\Java\jdk1.8.0_74\jre\lib\ext\dnsns.jar;C:\Program Files (x86)\Java\jdk1.8.0_74\jre\lib\ext\jaccess.jar;C:\Program Files (x86)\Java\jdk1.8.0_74\jre\lib\ext\jfxrt.jar;C:\Program Files (x86)\Java\jdk1.8.0_74\jre\lib\ext\localedata.jar;C:\Program Files (x86)\Java\jdk1.8.0_74\jre\lib\ext\nashorn.jar;C:\Program Files (x86)\Java\jdk1.8.0_74\jre\lib\ext\sunec.jar;C:\Program Files (x86)\Java\jdk1.8.0_74\jre\lib\ext\sunjce_provider.jar;C:\Program Files (x86)\Java\jdk1.8.0_74\jre\lib\ext\sunmscapi.jar;C:\Program Files (x86)\Java\jdk1.8.0_74\jre\lib\ext\sunpkcs11.jar;C:\Program Files (x86)\Java\jdk1.8.0_74\jre\lib\ext\zipfs.jar;C:\Program Files (x86)\Java\jdk1.8.0_74\jre\lib\javaws.jar;C:\Program Files (x86)\Java\jdk1.8.0_74\jre\lib\jce.jar;C:\Program Files (x86)\Java\jdk1.8.0_74\jre\lib\jfr.jar;C:\Program Files (x86)\Java\jdk1.8.0_74\jre\lib\jfxswt.jar;C:\Program Files (x86)\Java\jdk1.8.0_74\jre\lib\jsse.jar;C:\Program Files (x86)\Java\jdk1.8.0_74\jre\lib\management-agent.jar;C:\Program Files (x86)\Java\jdk1.8.0_74\jre\lib\plugin.jar;C:\Program Files (x86)\Java\jdk1.8.0_74\jre\lib\resources.jar;C:\Program Files (x86)\Java\jdk1.8.0_74\jre\lib\rt.jar;E:\SoftUni\JavaBasics\ExamPreparation\Exam8February\out\production\Exam8February;C:\Program Files (x86)\JetBrains\IntelliJ IDEA Community Edition 2016.1\lib\idea_rt.jar
Launcher Type: SUN_STANDARD

Environment Variables:
PATH=C:\Program Files (x86)\Java\jdk1.8.0_74\bin;C:\Program Files\TortoiseSVN\bin
USERNAME=StaniPC
OS=Windows_NT
PROCESSOR_IDENTIFIER=Intel64 Family 6 Model 42 Stepping 7, GenuineIntel



---------------  S Y S T E M  ---------------

OS: Windows 8.1 , 64 bit Build 9600 (6.3.9600.17415)

CPU:total 4 (2 cores per cpu, 2 threads per core) family 6 model 42 stepping 7, cmov, cx8, fxsr, mmx, sse, sse2, sse3, ssse3, sse4.1, sse4.2, popcnt, avx, aes, clmul, ht, tsc, tscinvbit

Memory: 4k page, physical 6238684k(2983952k free), swap 7287260k(4058184k free)

vm_info: Java HotSpot(TM) Client VM (25.74-b02) for windows-x86 JRE (1.8.0_74-b02), built on Jan 29 2016 17:47:57 by "java_re" with MS VC++ 10.0 (VS2010)

time: Sat Apr 09 03:32:44 2016
elapsed time: 505 seconds (0d 0h 8m 25s)

