#
# A fatal error has been detected by the Java Runtime Environment:
#
#  EXCEPTION_ACCESS_VIOLATION (0xc0000005) at pc=0x5c1bac3d, pid=2896, tid=4352
#
# JRE version: Java(TM) SE Runtime Environment (8.0_74-b02) (build 1.8.0_74-b02)
# Java VM: Java HotSpot(TM) Client VM (25.74-b02 mixed mode windows-x86 )
# Problematic frame:
# V  [jvm.dll+0xcac3d]
#
# Failed to write core dump. Minidumps are not enabled by default on client versions of Windows
#
# If you would like to submit a bug report, please visit:
#   http://bugreport.java.com/bugreport/crash.jsp
#

---------------  T H R E A D  ---------------

Current thread (0x14a95800):  JavaThread "JDWP Transport Listener: dt_socket" daemon [_thread_in_vm, id=4352, stack(0x15130000,0x15180000)]

siginfo: ExceptionCode=0xc0000005, reading address 0x2f00003b

Registers:
EAX=0x2f00003b, EBX=0x00000000, ECX=0x2f00003b, EDX=0x00000000
ESP=0x1517f748, EBP=0x1517f74c, ESI=0x14a95800, EDI=0x00e78188
EIP=0x5c1bac3d, EFLAGS=0x00010202

Top of Stack: (sp=0x1517f748)
0x1517f748:   14a95800 1517f774 5c317d34 2f00003b
0x1517f758:   1517f82c 1517f7af 14a95800 00000000
0x1517f768:   00000000 00000000 14a95800 1517f7b0
0x1517f778:   62959f80 00e78188 2f00003b 1517f7af
0x1517f788:   2f00003b 6294436d 2f00003b 1517f7af
0x1517f798:   00000004 00000000 00000000 0000000a
0x1517f7a8:   00000000 00a6177c 1517f7d0 629444e0
0x1517f7b8:   00000001 1517f7ec 1517f828 14c009a0 

Instructions: (pc=0x5c1bac3d)
0x5c1bac1d:   5d c3 52 e8 5b f9 ff ff 5d c3 cc cc cc cc cc cc
0x5c1bac2d:   cc cc cc 55 8b ec 8b 45 08 85 c0 75 02 5d c3 56
0x5c1bac3d:   8b 30 85 f6 74 17 83 fe 37 74 12 8b 06 8b 50 08
0x5c1bac4d:   8b ce ff d2 84 c0 74 05 8b c6 5e 5d c3 33 c0 5e 


Register to memory mapping:

EAX=0x2f00003b is an unknown value
EBX=0x00000000 is an unknown value
ECX=0x2f00003b is an unknown value
EDX=0x00000000 is an unknown value
ESP=0x1517f748 is pointing into the stack for thread: 0x14a95800
EBP=0x1517f74c is pointing into the stack for thread: 0x14a95800
ESI=0x14a95800 is a thread
EDI=0x00e78188 is an unknown value


Stack: [0x15130000,0x15180000],  sp=0x1517f748,  free space=317k
Native frames: (J=compiled Java code, j=interpreted, Vv=VM code, C=native code)
V  [jvm.dll+0xcac3d]
V  [jvm.dll+0x227d34]
C  [jdwp.dll+0x19f80]
C  [jdwp.dll+0x44e0]
C  [jdwp.dll+0x451e]
C  0x89b21401


---------------  P R O C E S S  ---------------

Java Threads: ( => current thread )
  0x14ab4800 JavaThread "Service Thread" daemon [_thread_blocked, id=4768, stack(0x15370000,0x153c0000)]
  0x14aa7c00 JavaThread "C1 CompilerThread0" daemon [_thread_blocked, id=5556, stack(0x152e0000,0x15330000)]
  0x14aa1400 JavaThread "JDWP Command Reader" daemon [_thread_in_native, id=3480, stack(0x15250000,0x152a0000)]
  0x14a9e400 JavaThread "JDWP Event Helper Thread" daemon [_thread_blocked, id=5044, stack(0x151c0000,0x15210000)]
=>0x14a95800 JavaThread "JDWP Transport Listener: dt_socket" daemon [_thread_in_vm, id=4352, stack(0x15130000,0x15180000)]
  0x14a99800 JavaThread "Attach Listener" daemon [_thread_blocked, id=5032, stack(0x150a0000,0x150f0000)]
  0x14a97800 JavaThread "Signal Dispatcher" daemon [_thread_blocked, id=3264, stack(0x15010000,0x15060000)]
  0x14a79400 JavaThread "Finalizer" daemon [_thread_blocked, id=5796, stack(0x14d30000,0x14d80000)]
  0x14a64800 JavaThread "Reference Handler" daemon [_thread_blocked, id=5712, stack(0x14ca0000,0x14cf0000)]
  0x00e7cc00 JavaThread "main" [_thread_blocked, id=80, stack(0x00dd0000,0x00e20000)]

Other Threads:
  0x023dd800 VMThread [stack: 0x045a0000,0x045f0000] [id=3916]
  0x14ad0800 WatcherThread [stack: 0x15400000,0x15450000] [id=3340]

VM state:not at safepoint (normal execution)

VM Mutex/Monitor currently owned by a thread: None

Heap:
 def new generation   total 4928K, used 1082K [0x04600000, 0x04b50000, 0x09b50000)
  eden space 4416K,  24% used [0x04600000, 0x0470e948, 0x04a50000)
  from space 512K,   0% used [0x04a50000, 0x04a50000, 0x04ad0000)
  to   space 512K,   0% used [0x04ad0000, 0x04ad0000, 0x04b50000)
 tenured generation   total 10944K, used 0K [0x09b50000, 0x0a600000, 0x14600000)
   the space 10944K,   0% used [0x09b50000, 0x09b50000, 0x09b50200, 0x0a600000)
 Metaspace       used 2311K, capacity 2358K, committed 2368K, reserved 4480K

Card table byte_map: [0x04470000,0x04500000] byte_map_base: 0x0444d000

Polling page: 0x00e20000

CodeCache: size=32768Kb used=737Kb max_used=737Kb free=32030Kb
 bounds [0x02470000, 0x02530000, 0x04470000]
 total_blobs=166 nmethods=32 adapters=74
 compilation: enabled

Compilation events (10 events):
Event: 0.595 Thread 0x14aa7c00   28             java.lang.String::startsWith (72 bytes)
Event: 0.595 Thread 0x14aa7c00 nmethod 28 0x02526388 code [0x02526490, 0x025265d0]
Event: 0.724 Thread 0x14aa7c00   29             java.io.BufferedInputStream::getBufIfOpen (21 bytes)
Event: 0.724 Thread 0x14aa7c00 nmethod 29 0x02526748 code [0x02526850, 0x0252694c]
Event: 0.724 Thread 0x14aa7c00   30  s          java.io.BufferedInputStream::read (49 bytes)
Event: 0.724 Thread 0x14aa7c00 nmethod 30 0x02526a08 code [0x02526b30, 0x02526e28]
Event: 0.792 Thread 0x14aa7c00   31             java.util.StringTokenizer::scanToken (179 bytes)
Event: 0.793 Thread 0x14aa7c00 nmethod 31 0x02526fc8 code [0x02527150, 0x02527568]
Event: 0.794 Thread 0x14aa7c00   32             java.util.Arrays::copyOfRange (63 bytes)
Event: 0.794 Thread 0x14aa7c00 nmethod 32 0x02527b08 code [0x02527c60, 0x02528008]

GC Heap History (0 events):
No events

Deoptimization events (0 events):
No events

Internal exceptions (6 events):
Event: 0.044 Thread 0x00e7cc00 Exception <a 'java/lang/NoSuchMethodError': Method sun.misc.Unsafe.defineClass(Ljava/lang/String;[BII)Ljava/lang/Class; name or signature does not match> (0x04606ea8) thrown at [C:\re\workspace\8-2-build-windows-i586-cygwin\jdk8u74\6087\hotspot\src\share\vÁ™—E	Æ¦?
Event: 0.044 Thread 0x00e7cc00 Exception <a 'java/lang/NoSuchMethodError': Method sun.misc.Unsafe.prefetchRead(Ljava/lang/Object;J)V name or signature does not match> (0x04607178) thrown at [C:\re\workspace\8-2-build-windows-i586-cygwin\jdk8u74\6087\hotspot\src\share\vm\prims\jni.cpp, lÑ5ßß*[á?
Event: 0.542 Thread 0x00e7cc00 Exception <a 'java/security/PrivilegedActionException'> (0x046e3438) thrown at [C:\re\workspace\8-2-build-windows-i586-cygwin\jdk8u74\6087\hotspot\src\share\vm\prims\jvm.cpp, line 1386]
Event: 0.542 Thread 0x00e7cc00 Exception <a 'java/security/PrivilegedActionException'> (0x046e3818) thrown at [C:\re\workspace\8-2-build-windows-i586-cygwin\jdk8u74\6087\hotspot\src\share\vm\prims\jvm.cpp, line 1386]
Event: 0.593 Thread 0x00e7cc00 Exception <a 'java/security/PrivilegedActionException'> (0x046e7a80) thrown at [C:\re\workspace\8-2-build-windows-i586-cygwin\jdk8u74\6087\hotspot\src\share\vm\prims\jvm.cpp, line 1386]
Event: 0.594 Thread 0x00e7cc00 Exception <a 'java/security/PrivilegedActionException'> (0x046e7e60) thrown at [C:\re\workspace\8-2-build-windows-i586-cygwin\jdk8u74\6087\hotspot\src\share\vm\prims\jvm.cpp, line 1386]

Events (10 events):
Event: 2.132 Executing VM operation: ForceSafepoint
Event: 2.132 Executing VM operation: ForceSafepoint done
Event: 2.153 Executing VM operation: GetOrSetLocal
Event: 2.153 Executing VM operation: GetOrSetLocal done
Event: 2.153 Executing VM operation: GetOrSetLocal
Event: 2.153 Executing VM operation: GetOrSetLocal done
Event: 4.315 Executing VM operation: EnableBiasedLocking
Event: 4.316 Executing VM operation: EnableBiasedLocking done
Event: 119.782 Executing VM operation: RedefineClasses
Event: 119.782 Executing VM operation: RedefineClasses done


Dynamic libraries:
0x00ea0000 - 0x00ed3000 	C:\Program Files (x86)\Java\jdk1.8.0_74\bin\java.exe
0x77b40000 - 0x77cae000 	C:\Windows\SYSTEM32\ntdll.dll
0x777d0000 - 0x77910000 	C:\Windows\SYSTEM32\KERNEL32.DLL
0x77260000 - 0x77337000 	C:\Windows\SYSTEM32\KERNELBASE.dll
0x72580000 - 0x72620000 	C:\Windows\system32\apphelp.dll
0x70460000 - 0x706c6000 	C:\Windows\AppPatch\AcGenral.DLL
0x75360000 - 0x75423000 	C:\Windows\SYSTEM32\msvcrt.dll
0x75430000 - 0x75471000 	C:\Windows\SYSTEM32\sechost.dll
0x75330000 - 0x7534e000 	C:\Windows\SYSTEM32\SspiCli.dll
0x774b0000 - 0x774f5000 	C:\Windows\SYSTEM32\SHLWAPI.dll
0x72400000 - 0x724ed000 	C:\Windows\SYSTEM32\UxTheme.dll
0x77500000 - 0x77653000 	C:\Windows\SYSTEM32\USER32.dll
0x75520000 - 0x7562e000 	C:\Windows\SYSTEM32\GDI32.dll
0x75090000 - 0x750b3000 	C:\Windows\SYSTEM32\WINMM.dll
0x71670000 - 0x71683000 	C:\Windows\SYSTEM32\samcli.dll
0x75690000 - 0x757b9000 	C:\Windows\SYSTEM32\ole32.dll
0x77340000 - 0x773d5000 	C:\Windows\SYSTEM32\OLEAUT32.dll
0x71650000 - 0x71667000 	C:\Windows\SYSTEM32\MSACM32.dll
0x752b0000 - 0x752b8000 	C:\Windows\SYSTEM32\VERSION.dll
0x757c0000 - 0x76a7c000 	C:\Windows\SYSTEM32\SHELL32.dll
0x73f90000 - 0x73fab000 	C:\Windows\SYSTEM32\USERENV.dll
0x723e0000 - 0x723fa000 	C:\Windows\SYSTEM32\dwmapi.dll
0x73b90000 - 0x73cdb000 	C:\Windows\SYSTEM32\urlmon.dll
0x77910000 - 0x7798c000 	C:\Windows\SYSTEM32\ADVAPI32.dll
0x751a0000 - 0x75205000 	C:\Windows\SYSTEM32\WINSPOOL.DRV
0x72060000 - 0x72076000 	C:\Windows\SYSTEM32\MPR.dll
0x76ce0000 - 0x76d9a000 	C:\Windows\SYSTEM32\RPCRT4.dll
0x75320000 - 0x7532a000 	C:\Windows\SYSTEM32\CRYPTBASE.dll
0x76dd0000 - 0x76f4d000 	C:\Windows\SYSTEM32\combase.dll
0x75020000 - 0x75043000 	C:\Windows\SYSTEM32\WINMMBASE.dll
0x75210000 - 0x7521f000 	C:\Windows\SYSTEM32\profapi.dll
0x73950000 - 0x73b82000 	C:\Windows\SYSTEM32\iertutil.dll
0x73750000 - 0x73943000 	C:\Windows\SYSTEM32\WININET.dll
0x752c0000 - 0x75314000 	C:\Windows\SYSTEM32\bcryptPrimitives.dll
0x75480000 - 0x754bc000 	C:\Windows\SYSTEM32\cfgmgr32.dll
0x74ff0000 - 0x75011000 	C:\Windows\SYSTEM32\DEVOBJ.dll
0x75220000 - 0x752ab000 	C:\Windows\SYSTEM32\SHCORE.DLL
0x76da0000 - 0x76dc7000 	C:\Windows\system32\IMM32.DLL
0x76f70000 - 0x77082000 	C:\Windows\SYSTEM32\MSCTF.dll
0x72080000 - 0x72286000 	C:\Windows\WinSxS\x86_microsoft.windows.common-controls_6595b64144ccf1df_6.0.9600.18006_none_a9ec6aab013aafee\COMCTL32.dll
0x72ec0000 - 0x72eec000 	C:\Program Files (x86)\AVG\Av\avghookx.dll
0x722a0000 - 0x7235f000 	C:\Program Files (x86)\Java\jdk1.8.0_74\jre\bin\msvcr100.dll
0x5c0f0000 - 0x5c4b8000 	C:\Program Files (x86)\Java\jdk1.8.0_74\jre\bin\client\jvm.dll
0x72890000 - 0x72898000 	C:\Windows\SYSTEM32\WSOCK32.dll
0x773e0000 - 0x773e6000 	C:\Windows\SYSTEM32\PSAPI.DLL
0x77990000 - 0x779e0000 	C:\Windows\SYSTEM32\WS2_32.dll
0x77090000 - 0x77097000 	C:\Windows\SYSTEM32\NSI.dll
0x724f0000 - 0x724fc000 	C:\Program Files (x86)\Java\jdk1.8.0_74\jre\bin\verify.dll
0x71730000 - 0x71751000 	C:\Program Files (x86)\Java\jdk1.8.0_74\jre\bin\java.dll
0x62940000 - 0x62969000 	C:\Program Files (x86)\Java\jdk1.8.0_74\jre\bin\jdwp.dll
0x723a0000 - 0x723a7000 	C:\Program Files (x86)\Java\jdk1.8.0_74\jre\bin\npt.dll
0x71c00000 - 0x71c13000 	C:\Program Files (x86)\Java\jdk1.8.0_74\jre\bin\zip.dll
0x72290000 - 0x72298000 	C:\Program Files (x86)\Java\jdk1.8.0_74\jre\bin\dt_socket.dll
0x73670000 - 0x736bb000 	C:\Windows\system32\mswsock.dll
0x63c30000 - 0x63d71000 	C:\Windows\SYSTEM32\dbghelp.dll

VM Arguments:
jvm_args: -agentlib:jdwp=transport=dt_socket,address=127.0.0.1:51917,suspend=y,server=n -Dfile.encoding=UTF-8 
java_command: Problem04.StraightFlush.Main
java_class_path (initial): C:\Program Files (x86)\Java\jdk1.8.0_74\jre\lib\charsets.jar;C:\Program Files (x86)\Java\jdk1.8.0_74\jre\lib\deploy.jar;C:\Program Files (x86)\Java\jdk1.8.0_74\jre\lib\ext\access-bridge-32.jar;C:\Program Files (x86)\Java\jdk1.8.0_74\jre\lib\ext\cldrdata.jar;C:\Program Files (x86)\Java\jdk1.8.0_74\jre\lib\ext\dnsns.jar;C:\Program Files (x86)\Java\jdk1.8.0_74\jre\lib\ext\jaccess.jar;C:\Program Files (x86)\Java\jdk1.8.0_74\jre\lib\ext\jfxrt.jar;C:\Program Files (x86)\Java\jdk1.8.0_74\jre\lib\ext\localedata.jar;C:\Program Files (x86)\Java\jdk1.8.0_74\jre\lib\ext\nashorn.jar;C:\Program Files (x86)\Java\jdk1.8.0_74\jre\lib\ext\sunec.jar;C:\Program Files (x86)\Java\jdk1.8.0_74\jre\lib\ext\sunjce_provider.jar;C:\Program Files (x86)\Java\jdk1.8.0_74\jre\lib\ext\sunmscapi.jar;C:\Program Files (x86)\Java\jdk1.8.0_74\jre\lib\ext\sunpkcs11.jar;C:\Program Files (x86)\Java\jdk1.8.0_74\jre\lib\ext\zipfs.jar;C:\Program Files (x86)\Java\jdk1.8.0_74\jre\lib\javaws.jar;C:\Program Files (x86)\Java\jdk1.8.0_74\jre\lib\jce.jar;C:\Program Files (x86)\Java\jdk1.8.0_74\jre\lib\jfr.jar;C:\Program Files (x86)\Java\jdk1.8.0_74\jre\lib\jfxswt.jar;C:\Program Files (x86)\Java\jdk1.8.0_74\jre\lib\jsse.jar;C:\Program Files (x86)\Java\jdk1.8.0_74\jre\lib\management-agent.jar;C:\Program Files (x86)\Java\jdk1.8.0_74\jre\lib\plugin.jar;C:\Program Files (x86)\Java\jdk1.8.0_74\jre\lib\resources.jar;C:\Program Files (x86)\Java\jdk1.8.0_74\jre\lib\rt.jar;E:\SoftUni\JavaBasics\ExamPreparation\Exam22June2014\out\production\Exam22June2014;C:\Program Files (x86)\JetBrains\IntelliJ IDEA Community Edition 2016.1\lib\idea_rt.jar
Launcher Type: SUN_STANDARD

Environment Variables:
PATH=C:\Program Files (x86)\Java\jdk1.8.0_74\bin;C:\Program Files\TortoiseSVN\bin
USERNAME=StaniPC
OS=Windows_NT
PROCESSOR_IDENTIFIER=Intel64 Family 6 Model 42 Stepping 7, GenuineIntel



---------------  S Y S T E M  ---------------

OS: Windows 8.1 , 64 bit Build 9600 (6.3.9600.17415)

CPU:total 4 (2 cores per cpu, 2 threads per core) family 6 model 42 stepping 7, cmov, cx8, fxsr, mmx, sse, sse2, sse3, ssse3, sse4.1, sse4.2, popcnt, avx, aes, clmul, ht, tsc, tscinvbit

Memory: 4k page, physical 6238684k(3175084k free), swap 7287260k(4167648k free)

vm_info: Java HotSpot(TM) Client VM (25.74-b02) for windows-x86 JRE (1.8.0_74-b02), built on Jan 29 2016 17:47:57 by "java_re" with MS VC++ 10.0 (VS2010)

time: Sun Apr 10 22:28:47 2016
elapsed time: 119 seconds (0d 0h 1m 59s)

